<?xml version="1.0" encoding="UTF-8"?>
<!-- Generated by org.testng.reporters.JUnitReportReporter -->
<testsuite hostname="Sangam" failures="0" tests="3" name="com.demo.Library" time="4.508" errors="0" timestamp="2024-09-24T00:10:55 IST" skipped="0">
  <testcase classname="com.demo.Library" name="AddBook" time="4.214"/>
  <testcase classname="com.demo.Library" name="AddBook" time="0.142"/>
  <testcase classname="com.demo.Library" name="AddBook" time="0.152"/>
</testsuite> <!-- com.demo.Library -->
